Loading the ModusToolbox Technology Packs and Early Access Packs
Finished loading the ModusToolbox Technology Packs and Early Access Packs (4 ms)
Loading the tools information
Finished loading the tools information (55 ms)
From ModusToolbox Tools version 3.5.0.0 installed at C:/Users/jikim/ModusToolbox/tools_3.5, using
 airoc-tools version 5.0.1.207
 bsp-assistant version 1.40.0.2609
 bt-configurator version 3.30.0.3160
 capsense-configurator version 8.0.0.8913
 cymcuelftool version 1.0.0.62
 dashboard version 3.5.0.318
 device-configurator version 5.30.0.3186
 dfuh-tool version 2.70.0.2722
 ez-pd-configurator version 2.11.0.2231
 hardware-config-server version 1.3.0.1635
 lcs-manager-cli version 1.30.0.323
 library-manager version 2.40.0.4456
 lin-configurator version 1.60.0.2198
 make version 2.5.0.6782
 modus-shell version 1.5.0.123
 mtb-settings version 1.0.0.184
 mtbarchive version 1.5.0.3759
 mtbgetlibs version 1.5.0.3745
 mtbideexport version 1.4.0.297
 mtblaunch version 1.5.0.3745
 mtbninja version 1.5.0.3745
 mtbquery version 1.5.0.3745
 mtbsearch version 1.5.0.3745
 ninja version 1.12.1
 project-creator version 2.40.0.4895
 proxy-helper version 1.70.0.407
 qspi-configurator version 4.50.0.2481
 seglcd-configurator version 1.80.0.2081
 signcombinemkgen version 1.1.0.297
 smartio-configurator version 4.40.0.1647
 srecord version 1.64.0.15
 usbdev-configurator version 2.90.0.2150
From ModusToolbox Pack ModusToolbox Industrial MCU Pack version 2.1.0.193 installed at C:/Users/jikim/ModusToolbox/packs/ModusToolbox-Industrial-MCU-Pack, using
 motix-bpa-control version 2.5.0
 power-conversion-configurator version 1.1.0.2085
Loading the manifest data
Online Content mode has been enabled by default.
Loading super manfiest files from all sources
Getting manifests from remote and/or local sources
Processing system manifest 'https://modustoolbox.infineon.com/manifests/mtb-super-manifest/v2.X/mtb-super-manifest-fv2.xml'
Downloading super manifest file 'https://modustoolbox.infineon.com/manifests/mtb-super-manifest/v2.X/mtb-super-manifest-fv2.xml'
Finished loading super manifest files from all sources
Finished download of file 'https://modustoolbox.infineon.com/manifests/mtb-super-manifest/v2.X/mtb-super-manifest-fv2.xml'
Starting to parse super manifest with URL 'https://modustoolbox.infineon.com/manifests/mtb-super-manifest/v2.X/mtb-super-manifest-fv2.xml'
Finished parsing super manifest with URL 'https://modustoolbox.infineon.com/manifests/mtb-super-manifest/v2.X/mtb-super-manifest-fv2.xml'
Downloading manifest file 'https://github.com/Infineon/mtb-ce-manifest/raw/v2.X/mtb-ce-manifest.xml'
Downloading manifest file 'https://github.com/Infineon/mtb-ce-manifest/raw/v2.X/mtb-ce-manifest-fv2.xml'
Downloading manifest file 'https://github.com/Infineon/mtb-bt-app-manifest/raw/v2.X/mtb-bt-app-manifest.xml'
Downloading manifest file 'https://github.com/Infineon/mtb-bt-app-manifest/raw/v2.X/mtb-bt-app-manifest-fv2.xml'
Downloading manifest file 'https://github.com/Infineon/cce-app-manifest/raw/v2.X/cce-app-manifest-fv2.xml'
Downloading manifest file 'https://github.com/Altia-Marketing/altia-ce-manifest/raw/main/altia-ce-manifest-fv2.xml'
Downloading manifest file 'https://github.com/avnet-iotconnect/avnet-iotc-mtb-ce-manifest/raw/main/avnet-iotc-mtb-ce-manifest-fv2.xml'
Downloading manifest file 'https://github.com/CyberonEBU/cyberon-mtb-ce-manifest/raw/main/cyberon-mtb-ce-manifest-fv2.xml'
Downloading manifest file 'https://github.com/edgeimpulse/edgeimpulse-ce-manifest/raw/main/edgeimpulse-ce-manifest-fv2.xml'
Downloading manifest file 'https://github.com/golioth/mtb-golioth-ce-manifest/raw/main/mtb-golioth-ce-manifest-fv2.xml'
Downloading manifest file 'https://github.com/memfault/mtb-memfault-ce-manifest/raw/main/mtb-memfault-ce-manifest-fv2.xml'
Downloading manifest file 'https://github.com/rtlabs-com/mtb-rtlabs-manifest/raw/main/mtb-ce-manifest-fv2-rtlabs.xml'
Downloading manifest file 'https://github.com/RutronikSystemSolutions/rutronik-ce-manifest/raw/main/rutronik-ce-manifest-fv2.xml'
Downloading manifest file 'https://github.com/sensiml/sensiml-ce-manifest/raw/main/sensiml-ce-manifest-fv2.xml'
Downloading manifest file 'https://github.com/Infineon/mtb-bsp-manifest/raw/v2.X/mtb-bsp-manifest.xml'
Downloading manifest file 'https://github.com/Infineon/mtb-bsp-manifest/raw/v2.X/mtb-bsp-capabilities-manifest.json'
Downloading manifest file 'https://github.com/Infineon/mtb-bsp-manifest/raw/v2.X/mtb-bsp-manifest-fv2.xml'
Downloading manifest file 'https://github.com/Infineon/mtb-bsp-manifest/raw/v2.X/mtb-bsp-dependencies-manifest.xml'
Downloading manifest file 'https://github.com/Infineon/mtb-bt-bsp-manifest/raw/v2.X/mtb-bt-bsp-manifest.xml'
Downloading manifest file 'https://github.com/Infineon/mtb-bt-bsp-manifest/raw/v2.X/mtb-bt-bsp-manifest-fv2.xml'
Downloading manifest file 'https://github.com/Infineon/mtb-bt-bsp-manifest/raw/v2.X/mtb-bt-bsp-dependencies-manifest.xml'
Downloading manifest file 'https://github.com/Inventek/inventek-bsp-manifest/raw/main/inventek-bsp-manifest-fv2.xml'
Downloading manifest file 'https://github.com/Inventek/inventek-bsp-manifest/raw/main/inventek-bsp-dependencies-manifest.xml'
Downloading manifest file 'https://github.com/RutronikSystemSolutions/rutronik-bsp-manifest/raw/main/rutronik-bsp-manifest-fv2.xml'
Downloading manifest file 'https://github.com/RutronikSystemSolutions/rutronik-bsp-manifest/raw/main/rutronik-bsp-dependencies-manifest.xml'
Downloading manifest file 'https://github.com/Infineon/mtb-mw-manifest/raw/v2.X/mtb-mw-manifest.xml'
Downloading manifest file 'https://github.com/Infineon/mtb-mw-manifest/raw/v2.X/mtb-mw-manifest-fv2.xml'
Downloading manifest file 'https://github.com/Infineon/mtb-mw-manifest/raw/v2.X/mtb-mw-dependencies-manifest.xml'
Downloading manifest file 'https://github.com/Infineon/mtb-bt-mw-manifest/raw/v2.X/mtb-bt-mw-manifest.xml'
Downloading manifest file 'https://github.com/Infineon/mtb-bt-mw-manifest/raw/v2.X/mtb-bt-mw-manifest-fv2.xml'
Downloading manifest file 'https://github.com/Infineon/mtb-bt-mw-manifest/raw/v2.X/mtb-bt-mw-dependencies-manifest.xml'
Downloading manifest file 'https://github.com/Infineon/mtb-wifi-mw-manifest/raw/v2.X/mtb-wifi-mw-manifest.xml'
Downloading manifest file 'https://github.com/Infineon/mtb-wifi-mw-manifest/raw/v2.X/mtb-wifi-mw-manifest-fv2.xml'
Downloading manifest file 'https://github.com/Infineon/mtb-wifi-mw-manifest/raw/v2.X/mtb-wifi-mw-dependencies-manifest.xml'
Downloading manifest file 'https://github.com/avnet-iotconnect/avnet-iotc-mtb-mw-manifest/raw/main/avnet-iotc-mtb-mw-manifest-fv2.xml'
Downloading manifest file 'https://github.com/CyberonEBU/cyberon-mtb-mw-manifest/raw/main/cyberon-mtb-mw-manifest-fv2.xml'
Downloading manifest file 'https://github.com/golioth/mtb-golioth-mw-manifest/raw/main/mtb-golioth-mw-manifest-fv2.xml'
Downloading manifest file 'https://github.com/memfault/mtb-memfault-mw-manifest/raw/main/mtb-memfault-mw-manifest-fv2.xml'
Downloading manifest file 'https://github.com/rtlabs-com/mtb-rtlabs-manifest/raw/main/rtlabs-mtb-mw-manifest-fw2-rtlabs.xml'
Downloading manifest file 'https://github.com/sensiml/sensiml-mw-manifest/raw/main/sensiml-mw-manifest-fv2.xml'
Finished download of file 'https://github.com/Infineon/mtb-ce-manifest/raw/v2.X/mtb-ce-manifest.xml'
Finished download of file 'https://github.com/Infineon/mtb-ce-manifest/raw/v2.X/mtb-ce-manifest-fv2.xml'
Finished download of file 'https://github.com/Infineon/mtb-bt-app-manifest/raw/v2.X/mtb-bt-app-manifest.xml'
Finished download of file 'https://github.com/Infineon/mtb-bt-app-manifest/raw/v2.X/mtb-bt-app-manifest-fv2.xml'
Finished download of file 'https://github.com/Infineon/cce-app-manifest/raw/v2.X/cce-app-manifest-fv2.xml'
Finished download of file 'https://github.com/Altia-Marketing/altia-ce-manifest/raw/main/altia-ce-manifest-fv2.xml'
Finished download of file 'https://github.com/avnet-iotconnect/avnet-iotc-mtb-ce-manifest/raw/main/avnet-iotc-mtb-ce-manifest-fv2.xml'
Finished download of file 'https://github.com/CyberonEBU/cyberon-mtb-ce-manifest/raw/main/cyberon-mtb-ce-manifest-fv2.xml'
Finished download of file 'https://github.com/edgeimpulse/edgeimpulse-ce-manifest/raw/main/edgeimpulse-ce-manifest-fv2.xml'
Finished download of file 'https://github.com/golioth/mtb-golioth-ce-manifest/raw/main/mtb-golioth-ce-manifest-fv2.xml'
Finished download of file 'https://github.com/memfault/mtb-memfault-ce-manifest/raw/main/mtb-memfault-ce-manifest-fv2.xml'
Finished download of file 'https://github.com/rtlabs-com/mtb-rtlabs-manifest/raw/main/mtb-ce-manifest-fv2-rtlabs.xml'
Finished download of file 'https://github.com/RutronikSystemSolutions/rutronik-ce-manifest/raw/main/rutronik-ce-manifest-fv2.xml'
Finished download of file 'https://github.com/sensiml/sensiml-ce-manifest/raw/main/sensiml-ce-manifest-fv2.xml'
Finished download of file 'https://github.com/Infineon/mtb-bsp-manifest/raw/v2.X/mtb-bsp-manifest.xml'
Finished download of file 'https://github.com/Infineon/mtb-bsp-manifest/raw/v2.X/mtb-bsp-capabilities-manifest.json'
Finished download of file 'https://github.com/Infineon/mtb-bsp-manifest/raw/v2.X/mtb-bsp-manifest-fv2.xml'
Finished download of file 'https://github.com/Infineon/mtb-bsp-manifest/raw/v2.X/mtb-bsp-dependencies-manifest.xml'
Finished download of file 'https://github.com/Infineon/mtb-bt-bsp-manifest/raw/v2.X/mtb-bt-bsp-manifest.xml'
Finished download of file 'https://github.com/Infineon/mtb-bt-bsp-manifest/raw/v2.X/mtb-bt-bsp-manifest-fv2.xml'
Finished download of file 'https://github.com/Infineon/mtb-bt-bsp-manifest/raw/v2.X/mtb-bt-bsp-dependencies-manifest.xml'
Finished download of file 'https://github.com/Inventek/inventek-bsp-manifest/raw/main/inventek-bsp-manifest-fv2.xml'
Finished download of file 'https://github.com/Inventek/inventek-bsp-manifest/raw/main/inventek-bsp-dependencies-manifest.xml'
Finished download of file 'https://github.com/RutronikSystemSolutions/rutronik-bsp-manifest/raw/main/rutronik-bsp-manifest-fv2.xml'
Finished download of file 'https://github.com/RutronikSystemSolutions/rutronik-bsp-manifest/raw/main/rutronik-bsp-dependencies-manifest.xml'
Finished download of file 'https://github.com/Infineon/mtb-mw-manifest/raw/v2.X/mtb-mw-manifest.xml'
Finished download of file 'https://github.com/Infineon/mtb-mw-manifest/raw/v2.X/mtb-mw-manifest-fv2.xml'
Finished download of file 'https://github.com/Infineon/mtb-mw-manifest/raw/v2.X/mtb-mw-dependencies-manifest.xml'
Finished download of file 'https://github.com/Infineon/mtb-bt-mw-manifest/raw/v2.X/mtb-bt-mw-manifest.xml'
Finished download of file 'https://github.com/Infineon/mtb-bt-mw-manifest/raw/v2.X/mtb-bt-mw-manifest-fv2.xml'
Finished download of file 'https://github.com/Infineon/mtb-bt-mw-manifest/raw/v2.X/mtb-bt-mw-dependencies-manifest.xml'
Finished download of file 'https://github.com/Infineon/mtb-wifi-mw-manifest/raw/v2.X/mtb-wifi-mw-manifest.xml'
Finished download of file 'https://github.com/Infineon/mtb-wifi-mw-manifest/raw/v2.X/mtb-wifi-mw-manifest-fv2.xml'
Finished download of file 'https://github.com/Infineon/mtb-wifi-mw-manifest/raw/v2.X/mtb-wifi-mw-dependencies-manifest.xml'
Finished download of file 'https://github.com/avnet-iotconnect/avnet-iotc-mtb-mw-manifest/raw/main/avnet-iotc-mtb-mw-manifest-fv2.xml'
Finished download of file 'https://github.com/CyberonEBU/cyberon-mtb-mw-manifest/raw/main/cyberon-mtb-mw-manifest-fv2.xml'
Finished download of file 'https://github.com/golioth/mtb-golioth-mw-manifest/raw/main/mtb-golioth-mw-manifest-fv2.xml'
Finished download of file 'https://github.com/memfault/mtb-memfault-mw-manifest/raw/main/mtb-memfault-mw-manifest-fv2.xml'
Finished download of file 'https://github.com/rtlabs-com/mtb-rtlabs-manifest/raw/main/rtlabs-mtb-mw-manifest-fw2-rtlabs.xml'
Finished download of file 'https://github.com/sensiml/sensiml-mw-manifest/raw/main/sensiml-mw-manifest-fv2.xml'
Finished loading the manifest data (2965 ms)
0 error(s), 0 warning(s)

Summary: 

BSP: CY8CKIT-062S2-43012
Template Application(s): HAL SPI Slave
Application(s) Root Path: C:/Users/jikim/mtw

Press "Create" to create the selected application(s).

Collecting application data...

Info: The following entered on the command line will create the exact same project as that created with the GUI tool:
C:/Users/jikim/ModusToolbox/tools_3.5/project-creator/project-creator-cli.exe --board-id CY8CKIT-062S2-43012 --board-uri https://github.com/cypresssemiconductorco/TARGET_CY8CKIT-062S2-43012 --board-commit latest-v5.X --app-id mtb-example-hal-spi-slave --app-uri https://github.com/Infineon/mtb-example-hal-spi-slave --app-commit latest-v1.X --target-dir C:/Users/jikim/mtw --user-app-name HAL_SPI_Slave --use-modus-shell
Starting application creation for 'C:/Users/jikim/mtw/HAL_SPI_Slave'.
Acquiring the application source 'https://github.com/Infineon/mtb-example-hal-spi-slave'.
Git#0>Cloning into 'HAL_SPI_Slave'...
Git#0>remote: Enumerating objects: 45, done.        
Git#0>remote: Counting objects:   2% (1/45)        
Git#0>remote: Counting objects:   4% (2/45)        
Git#0>remote: Counting objects:   6% (3/45)        
Git#0>remote: Counting objects:   8% (4/45)        
Git#0>remote: Counting objects:  11% (5/45)        
Git#0>remote: Counting objects:  13% (6/45)        
Git#0>remote: Counting objects:  15% (7/45)        
Git#0>remote: Counting objects:  17% (8/45)        
Git#0>remote: Counting objects:  20% (9/45)        
Git#0>remote: Counting objects:  22% (10/45)        
Git#0>remote: Counting objects:  24% (11/45)        
Git#0>remote: Counting objects:  26% (12/45)        
Git#0>remote: Counting objects:  28% (13/45)        
Git#0>remote: Counting objects:  31% (14/45)        
Git#0>remote: Counting objects:  33% (15/45)        
Git#0>remote: Counting objects:  35% (16/45)        
Git#0>remote: Counting objects:  37% (17/45)        
Git#0>remote: Counting objects:  40% (18/45)        
Git#0>remote: Counting objects:  42% (19/45)        
Git#0>remote: Counting objects:  44% (20/45)        
Git#0>remote: Counting objects:  46% (21/45)        
Git#0>remote: Counting objects:  48% (22/45)        
Git#0>remote: Counting objects:  51% (23/45)        
Git#0>remote: Counting objects:  53% (24/45)        
Git#0>remote: Counting objects:  55% (25/45)        
Git#0>remote: Counting objects:  57% (26/45)        
Git#0>remote: Counting objects:  60% (27/45)        
Git#0>remote: Counting objects:  62% (28/45)        
Git#0>remote: Counting objects:  64% (29/45)        
Git#0>remote: Counting objects:  66% (30/45)        
Git#0>remote: Counting objects:  68% (31/45)        
Git#0>remote: Counting objects:  71% (32/45)        
Git#0>remote: Counting objects:  73% (33/45)        
Git#0>remote: Counting objects:  75% (34/45)        
Git#0>remote: Counting objects:  77% (35/45)        
Git#0>remote: Counting objects:  80% (36/45)        
Git#0>remote: Counting objects:  82% (37/45)        
Git#0>remote: Counting objects:  84% (38/45)        
Git#0>remote: Counting objects:  86% (39/45)        
Git#0>remote: Counting objects:  88% (40/45)        
Git#0>remote: Counting objects:  91% (41/45)        
Git#0>remote: Counting objects:  93% (42/45)        
Git#0>remote: Counting objects:  95% (43/45)        
Git#0>remote: Counting objects:  97% (44/45)        
Git#0>remote: Counting objects: 100% (45/45)        
Git#0>remote: Counting objects: 100% (45/45), done.        
Git#0>remote: Compressing objects:   5% (1/19)        
Git#0>remote: Compressing objects:  10% (2/19)        
Git#0>remote: Compressing objects:  15% (3/19)        
Git#0>remote: Compressing objects:  21% (4/19)        
Git#0>remote: Compressing objects:  26% (5/19)        
Git#0>remote: Compressing objects:  31% (6/19)        
Git#0>remote: Compressing objects:  36% (7/19)        
Git#0>remote: Compressing objects:  42% (8/19)        
Git#0>remote: Compressing objects:  47% (9/19)        
Git#0>remote: Compressing objects:  52% (10/19)        
Git#0>remote: Compressing objects:  57% (11/19)        
Git#0>remote: Compressing objects:  63% (12/19)        
Git#0>remote: Compressing objects:  68% (13/19)        
Git#0>remote: Compressing objects:  73% (14/19)        
Git#0>remote: Compressing objects:  78% (15/19)        
Git#0>remote: Compressing objects:  84% (16/19)        
Git#0>remote: Compressing objects:  89% (17/19)        
Git#0>remote: Compressing objects:  94% (18/19)        
Git#0>remote: Compressing objects: 100% (19/19)        
Git#0>remote: Compressing objects: 100% (19/19), done.        
Git#0>remote: Total 45 (delta 12), reused 37 (delta 4), pack-reused 0 (from 0)        
Git#0>Receiving objects:   2% (1/45)
Git#0>Receiving objects:   4% (2/45)
Git#0>Receiving objects:   6% (3/45)
Git#0>Receiving objects:   8% (4/45)
Git#0>Receiving objects:  11% (5/45)
Git#0>Receiving objects:  13% (6/45)
Git#0>Receiving objects:  15% (7/45)
Git#0>Receiving objects:  17% (8/45)
Git#0>Receiving objects:  20% (9/45)
Git#0>Receiving objects:  22% (10/45)
Git#0>Receiving objects:  24% (11/45)
Git#0>Receiving objects:  26% (12/45)
Git#0>Receiving objects:  28% (13/45)
Git#0>Receiving objects:  31% (14/45)
Git#0>Receiving objects:  33% (15/45)
Git#0>Receiving objects:  35% (16/45)
Git#0>Receiving objects:  37% (17/45)
Git#0>Receiving objects:  40% (18/45)
Git#0>Receiving objects:  42% (19/45)
Git#0>Receiving objects:  44% (20/45)
Git#0>Receiving objects:  46% (21/45)
Git#0>Receiving objects:  48% (22/45)
Git#0>Receiving objects:  51% (23/45)
Git#0>Receiving objects:  53% (24/45)
Git#0>Receiving objects:  55% (25/45)
Git#0>Receiving objects:  57% (26/45)
Git#0>Receiving objects:  60% (27/45)
Git#0>Receiving objects:  62% (28/45)
Git#0>Receiving objects:  64% (29/45)
Git#0>Receiving objects:  66% (30/45)
Git#0>Receiving objects:  68% (31/45)
Git#0>Receiving objects:  71% (32/45)
Git#0>Receiving objects:  73% (33/45)
Git#0>Receiving objects:  75% (34/45)
Git#0>Receiving objects:  77% (35/45)
Git#0>Receiving objects:  80% (36/45)
Git#0>Receiving objects:  82% (37/45)
Git#0>Receiving objects:  84% (38/45)
Git#0>Receiving objects:  86% (39/45)
Git#0>Receiving objects:  88% (40/45)
Git#0>Receiving objects:  91% (41/45)
Git#0>Receiving objects:  93% (42/45)
Git#0>Receiving objects:  95% (43/45)
Git#0>Receiving objects:  97% (44/45)
Git#0>Receiving objects: 100% (45/45)
Git#0>Receiving objects: 100% (45/45), done.
Git#0>Resolving deltas:   0% (0/12)
Git#0>Resolving deltas:   8% (1/12)
Git#0>Resolving deltas:  16% (2/12)
Git#0>Resolving deltas:  25% (3/12)
Git#0>Resolving deltas:  33% (4/12)
Git#0>Resolving deltas:  41% (5/12)
Git#0>Resolving deltas:  50% (6/12)
Git#0>Resolving deltas:  58% (7/12)
Git#0>Resolving deltas:  66% (8/12)
Git#0>Resolving deltas:  75% (9/12)
Git#0>Resolving deltas:  83% (10/12)
Git#0>Resolving deltas:  91% (11/12)
Git#0>Resolving deltas: 100% (12/12)
Git#0>Resolving deltas: 100% (12/12), done.
Git#1>HEAD is now at c5785e8 Upload mtb-example-hal-spi-slave [2784]
Acquired application source successfully.
Loading the application.
Loaded the application successfully.
Processing project 'HAL_SPI_Slave'.
Starting to commit changes to the filesystem and project 'mtb-example-hal-spi-slave'.
Writing mtb file for asset 'CY8CKIT-062S2-43012' to the folder 'C:/Users/jikim/mtw/HAL_SPI_Slave/deps'.
Writing mtb file for asset 'cat1cm0p' to the folder 'C:/Users/jikim/mtw/HAL_SPI_Slave/libs'.
Writing mtb file for asset 'core-lib' to the folder 'C:/Users/jikim/mtw/HAL_SPI_Slave/libs'.
Writing mtb file for asset 'core-make' to the folder 'C:/Users/jikim/mtw/HAL_SPI_Slave/libs'.
Writing mtb file for asset 'mtb-hal-cat1' to the folder 'C:/Users/jikim/mtw/HAL_SPI_Slave/libs'.
Writing mtb file for asset 'mtb-pdl-cat1' to the folder 'C:/Users/jikim/mtw/HAL_SPI_Slave/libs'.
Writing mtb file for asset 'recipe-make-cat1a' to the folder 'C:/Users/jikim/mtw/HAL_SPI_Slave/libs'.
Writing mtb file for asset 'bt-fw-mur-cyw43012' to the folder 'C:/Users/jikim/mtw/HAL_SPI_Slave/libs'.
Writing mtb file for asset 'cmsis' to the folder 'C:/Users/jikim/mtw/HAL_SPI_Slave/libs'.
Writing mtb file for asset 'device-db' to the folder 'C:/Users/jikim/mtw/HAL_SPI_Slave/libs'.
Writing mtb file for asset 'retarget-io' to the folder 'C:/Users/jikim/mtw/HAL_SPI_Slave/deps'.
Git#2>Starting: git -C C:/Users/jikim/mtw/HAL_SPI_Slave/libs clone --progress --origin cypress --no-checkout --filter=blob:none https://github.com/cypresssemiconductorco/TARGET_CY8CKIT-062S2-43012 TARGET_CY8CKIT-062S2-43012
Git#3>Starting: git -C C:/Users/jikim/mtw/mtb_shared/retarget-io/release-v1.7.0 -c advice.detachedHead=false checkout --progress release-v1.7.0
Git#4>Starting: git -C C:/Users/jikim/mtw/mtb_shared/cat1cm0p/release-v1.8.0 -c advice.detachedHead=false checkout --progress release-v1.8.0
Git#5>Starting: git -C C:/Users/jikim/mtw/mtb_shared/core-lib/release-v1.4.3 -c advice.detachedHead=false checkout --progress release-v1.4.3
Git#3>HEAD is now at 9dd4eeb Upload retarget-io [3062]
Git#3>Success: git -C C:/Users/jikim/mtw/mtb_shared/retarget-io/release-v1.7.0 -c advice.detachedHead=false checkout --progress release-v1.7.0
Git#6>Starting: git -C C:/Users/jikim/mtw/mtb_shared/core-make/release-v3.6.1 -c advice.detachedHead=false checkout --progress release-v3.6.1
Git#2>Cloning into 'TARGET_CY8CKIT-062S2-43012'...
Git#4>HEAD is now at bc2632e Upload cat1cm0p 1.8.0.508 [3108]
Git#4>Success: git -C C:/Users/jikim/mtw/mtb_shared/cat1cm0p/release-v1.8.0 -c advice.detachedHead=false checkout --progress release-v1.8.0
Git#7>Starting: git -C C:/Users/jikim/mtw/mtb_shared/mtb-hal-cat1/release-v2.7.1 -c advice.detachedHead=false checkout --progress release-v2.7.1
Git#5>HEAD is now at 1603b9b Upload core-lib [3062]
Git#5>Success: git -C C:/Users/jikim/mtw/mtb_shared/core-lib/release-v1.4.3 -c advice.detachedHead=false checkout --progress release-v1.4.3
Git#8>Starting: git -C C:/Users/jikim/mtw/mtb_shared/mtb-pdl-cat1/release-v3.16.0 -c advice.detachedHead=false checkout --progress release-v3.16.0
Git#6>HEAD is now at ec21aff Upload core-make 3.6.1.6907 [3497]
Git#6>Success: git -C C:/Users/jikim/mtw/mtb_shared/core-make/release-v3.6.1 -c advice.detachedHead=false checkout --progress release-v3.6.1
Git#9>Starting: git -C C:/Users/jikim/mtw/mtb_shared/recipe-make-cat1a/release-v2.5.0 -c advice.detachedHead=false checkout --progress release-v2.5.0
Git#9>HEAD is now at 5fde30e Upload recipe-make-cat1a 2.5.0.6814 [3455]
Git#9>Success: git -C C:/Users/jikim/mtw/mtb_shared/recipe-make-cat1a/release-v2.5.0 -c advice.detachedHead=false checkout --progress release-v2.5.0
Git#10>Starting: git -C C:/Users/jikim/mtw/mtb_shared/bt-fw-mur-cyw43012/release-v1.0.0 -c advice.detachedHead=false checkout --progress release-v1.0.0
Git#7>HEAD is now at ce54d03 Upload mtb-hal-cat1 [3502]
Git#7>Success: git -C C:/Users/jikim/mtw/mtb_shared/mtb-hal-cat1/release-v2.7.1 -c advice.detachedHead=false checkout --progress release-v2.7.1
Git#11>Starting: git -C C:/Users/jikim/mtw/mtb_shared/cmsis/release-v5.8.2 -c advice.detachedHead=false checkout --progress release-v5.8.2
Git#8>HEAD is now at cd9299b Upload mtb-pdl-cat1 3.16.0.40964 [3403]
Git#8>Success: git -C C:/Users/jikim/mtw/mtb_shared/mtb-pdl-cat1/release-v3.16.0 -c advice.detachedHead=false checkout --progress release-v3.16.0
Git#12>Starting: git -C C:/Users/jikim/.modustoolbox/global/device-db/release-v4.23.0 -c advice.detachedHead=false checkout --progress release-v4.23.0
Git#10>HEAD is now at b980566 Upload bt-fw-mur-cyw43012 1.0.0.2595 [3108]
Git#10>Success: git -C C:/Users/jikim/mtw/mtb_shared/bt-fw-mur-cyw43012/release-v1.0.0 -c advice.detachedHead=false checkout --progress release-v1.0.0
Git#2>remote: Enumerating objects: 196, done.        
Git#2>remote: Counting objects:   1% (1/68)        
Git#2>remote: Counting objects:   2% (2/68)        
Git#2>remote: Counting objects:   4% (3/68)        
Git#2>remote: Counting objects:   5% (4/68)        
Git#2>remote: Counting objects:   7% (5/68)        
Git#2>remote: Counting objects:   8% (6/68)        
Git#2>remote: Counting objects:  10% (7/68)        
Git#2>remote: Counting objects:  11% (8/68)        
Git#2>remote: Counting objects:  13% (9/68)        
Git#2>remote: Counting objects:  14% (10/68)        
Git#2>remote: Counting objects:  16% (11/68)        
Git#2>remote: Counting objects:  17% (12/68)        
Git#2>remote: Counting objects:  19% (13/68)        
Git#2>remote: Counting objects:  20% (14/68)        
Git#2>remote: Counting objects:  22% (15/68)        
Git#2>remote: Counting objects:  23% (16/68)        
Git#2>remote: Counting objects:  25% (17/68)        
Git#2>remote: Counting objects:  26% (18/68)        
Git#2>remote: Counting objects:  27% (19/68)        
Git#2>remote: Counting objects:  29% (20/68)        
Git#2>remote: Counting objects:  30% (21/68)        
Git#2>remote: Counting objects:  32% (22/68)        
Git#2>remote: Counting objects:  33% (23/68)        
Git#2>remote: Counting objects:  35% (24/68)        
Git#2>remote: Counting objects:  36% (25/68)        
Git#2>remote: Counting objects:  38% (26/68)        
Git#2>remote: Counting objects:  39% (27/68)        
Git#2>remote: Counting objects:  41% (28/68)        
Git#2>remote: Counting objects:  42% (29/68)        
Git#2>remote: Counting objects:  44% (30/68)        
Git#2>remote: Counting objects:  45% (31/68)        
Git#2>remote: Counting objects:  47% (32/68)        
Git#2>remote: Counting objects:  48% (33/68)        
Git#2>remote: Counting objects:  50% (34/68)        
Git#2>remote: Counting objects:  51% (35/68)        
Git#2>remote: Counting objects:  52% (36/68)        
Git#2>remote: Counting objects:  54% (37/68)        
Git#2>remote: Counting objects:  55% (38/68)        
Git#2>remote: Counting objects:  57% (39/68)        
Git#2>remote: Counting objects:  58% (40/68)        
Git#2>remote: Counting objects:  60% (41/68)        
Git#2>remote: Counting objects:  61% (42/68)        
Git#2>remote: Counting objects:  63% (43/68)        
Git#2>remote: Counting objects:  64% (44/68)        
Git#2>remote: Counting objects:  66% (45/68)        
Git#2>remote: Counting objects:  67% (46/68)        
Git#2>remote: Counting objects:  69% (47/68)        
Git#2>remote: Counting objects:  70% (48/68)        
Git#2>remote: Counting objects:  72% (49/68)        
Git#2>remote: Counting objects:  73% (50/68)        
Git#2>remote: Counting objects:  75% (51/68)        
Git#2>remote: Counting objects:  76% (52/68)        
Git#2>remote: Counting objects:  77% (53/68)        
Git#2>remote: Counting objects:  79% (54/68)        
Git#2>remote: Counting objects:  80% (55/68)        
Git#2>remote: Counting objects:  82% (56/68)        
Git#2>remote: Counting objects:  83% (57/68)        
Git#2>remote: Counting objects:  85% (58/68)        
Git#2>remote: Counting objects:  86% (59/68)        
Git#2>remote: Counting objects:  88% (60/68)        
Git#2>remote: Counting objects:  89% (61/68)        
Git#2>remote: Counting objects:  91% (62/68)        
Git#2>remote: Counting objects:  92% (63/68)        
Git#2>remote: Counting objects:  94% (64/68)        
Git#2>remote: Counting objects:  95% (65/68)        
Git#2>remote: Counting objects:  97% (66/68)        
Git#2>remote: Counting objects:  98% (67/68)        
Git#2>remote: Counting objects: 100% (68/68)        
Git#2>remote: Counting objects: 100% (68/68), done.        
Git#2>remote: Compressing objects:   1% (1/54)        
Git#2>remote: Compressing objects:   3% (2/54)        
Git#2>remote: Compressing objects:   5% (3/54)        
Git#2>remote: Compressing objects:   7% (4/54)        
Git#2>remote: Compressing objects:   9% (5/54)        
Git#2>remote: Compressing objects:  11% (6/54)        
Git#2>remote: Compressing objects:  12% (7/54)        
Git#2>remote: Compressing objects:  14% (8/54)        
Git#2>remote: Compressing objects:  16% (9/54)        
Git#2>remote: Compressing objects:  18% (10/54)        
Git#2>remote: Compressing objects:  20% (11/54)        
Git#2>remote: Compressing objects:  22% (12/54)        
Git#2>remote: Compressing objects:  24% (13/54)        
Git#2>remote: Compressing objects:  25% (14/54)        
Git#2>remote: Compressing objects:  27% (15/54)        
Git#2>remote: Compressing objects:  29% (16/54)        
Git#2>remote: Compressing objects:  31% (17/54)        
Git#2>remote: Compressing objects:  33% (18/54)        
Git#2>remote: Compressing objects:  35% (19/54)        
Git#2>remote: Compressing objects:  37% (20/54)        
Git#2>remote: Compressing objects:  38% (21/54)        
Git#2>remote: Compressing objects:  40% (22/54)        
Git#2>remote: Compressing objects:  42% (23/54)        
Git#2>remote: Compressing objects:  44% (24/54)        
Git#2>remote: Compressing objects:  46% (25/54)        
Git#2>remote: Compressing objects:  48% (26/54)        
Git#2>remote: Compressing objects:  50% (27/54)        
Git#2>remote: Compressing objects:  51% (28/54)        
Git#2>remote: Compressing objects:  53% (29/54)        
Git#2>remote: Compressing objects:  55% (30/54)        
Git#2>remote: Compressing objects:  57% (31/54)        
Git#2>remote: Compressing objects:  59% (32/54)        
Git#2>remote: Compressing objects:  61% (33/54)        
Git#2>remote: Compressing objects:  62% (34/54)        
Git#2>remote: Compressing objects:  64% (35/54)        
Git#2>remote: Compressing objects:  66% (36/54)        
Git#2>remote: Compressing objects:  68% (37/54)        
Git#2>remote: Compressing objects:  70% (38/54)        
Git#2>remote: Compressing objects:  72% (39/54)        
Git#2>remote: Compressing objects:  74% (40/54)        
Git#2>remote: Compressing objects:  75% (41/54)        
Git#2>remote: Compressing objects:  77% (42/54)        
Git#2>remote: Compressing objects:  79% (43/54)        
Git#2>remote: Compressing objects:  81% (44/54)        
Git#2>remote: Compressing objects:  83% (45/54)        
Git#2>remote: Compressing objects:  85% (46/54)        
Git#2>remote: Compressing objects:  87% (47/54)        
Git#2>remote: Compressing objects:  88% (48/54)        
Git#2>remote: Compressing objects:  90% (49/54)        
Git#2>remote: Compressing objects:  92% (50/54)        
Git#2>remote: Compressing objects:  94% (51/54)        
Git#2>remote: Compressing objects:  96% (52/54)        
Git#2>remote: Compressing objects:  98% (53/54)        
Git#2>remote: Compressing objects: 100% (54/54)        
Git#2>remote: Compressing objects: 100% (54/54), done.        
Git#2>remote: Total 196 (delta 20), reused 60 (delta 14), pack-reused 128 (from 1)        
Git#2>Receiving objects:   0% (1/196)
Git#2>Receiving objects:   1% (2/196)
Git#2>Receiving objects:   2% (4/196)
Git#2>Receiving objects:   3% (6/196)
Git#2>Receiving objects:   4% (8/196)
Git#2>Receiving objects:   5% (10/196)
Git#2>Receiving objects:   6% (12/196)
Git#2>Receiving objects:   7% (14/196)
Git#2>Receiving objects:   8% (16/196)
Git#2>Receiving objects:   9% (18/196)
Git#2>Receiving objects:  10% (20/196)
Git#2>Receiving objects:  11% (22/196)
Git#11>HEAD is now at 89700d7 Upload cmsis 5.8.2.133 [3108]
Git#2>Receiving objects:  12% (24/196)
Git#2>Receiving objects:  13% (26/196)
Git#2>Receiving objects:  14% (28/196)
Git#2>Receiving objects:  15% (30/196)
Git#2>Receiving objects:  16% (32/196)
Git#2>Receiving objects:  17% (34/196)
Git#2>Receiving objects:  18% (36/196)
Git#2>Receiving objects:  19% (38/196)
Git#2>Receiving objects:  20% (40/196)
Git#2>Receiving objects:  21% (42/196)
Git#2>Receiving objects:  22% (44/196)
Git#2>Receiving objects:  23% (46/196)
Git#2>Receiving objects:  24% (48/196)
Git#2>Receiving objects:  25% (49/196)
Git#2>Receiving objects:  26% (51/196)
Git#2>Receiving objects:  27% (53/196)
Git#2>Receiving objects:  28% (55/196)
Git#2>Receiving objects:  29% (57/196)
Git#2>Receiving objects:  30% (59/196)
Git#2>Receiving objects:  31% (61/196)
Git#2>Receiving objects:  32% (63/196)
Git#2>Receiving objects:  33% (65/196)
Git#2>Receiving objects:  34% (67/196)
Git#2>Receiving objects:  35% (69/196)
Git#2>Receiving objects:  36% (71/196)
Git#2>Receiving objects:  37% (73/196)
Git#11>Success: git -C C:/Users/jikim/mtw/mtb_shared/cmsis/release-v5.8.2 -c advice.detachedHead=false checkout --progress release-v5.8.2
Git#2>Receiving objects:  38% (75/196)
Git#2>Receiving objects:  39% (77/196)
Git#2>Receiving objects:  40% (79/196)
Git#2>Receiving objects:  41% (81/196)
Git#2>Receiving objects:  42% (83/196)
Git#2>Receiving objects:  43% (85/196)
Git#2>Receiving objects:  44% (87/196)
Git#2>Receiving objects:  45% (89/196)
Git#2>Receiving objects:  46% (91/196)
Git#2>Receiving objects:  47% (93/196)
Git#2>Receiving objects:  48% (95/196)
Git#2>Receiving objects:  49% (97/196)
Git#2>Receiving objects:  50% (98/196)
Git#2>Receiving objects:  51% (100/196)
Git#2>Receiving objects:  52% (102/196)
Git#2>Receiving objects:  53% (104/196)
Git#2>Receiving objects:  54% (106/196)
Git#2>Receiving objects:  55% (108/196)
Git#2>Receiving objects:  56% (110/196)
Git#2>Receiving objects:  57% (112/196)
Git#2>Receiving objects:  58% (114/196)
Git#2>Receiving objects:  59% (116/196)
Git#2>Receiving objects:  60% (118/196)
Git#2>Receiving objects:  61% (120/196)
Git#2>Receiving objects:  62% (122/196)
Git#2>Receiving objects:  63% (124/196)
Git#2>Receiving objects:  64% (126/196)
Git#2>Receiving objects:  65% (128/196)
Git#2>Receiving objects:  66% (130/196)
Git#2>Receiving objects:  67% (132/196)
Git#2>Receiving objects:  68% (134/196)
Git#2>Receiving objects:  69% (136/196)
Git#2>Receiving objects:  70% (138/196)
Git#2>Receiving objects:  71% (140/196)
Git#2>Receiving objects:  72% (142/196)
Git#2>Receiving objects:  73% (144/196)
Git#2>Receiving objects:  74% (146/196)
Git#2>Receiving objects:  75% (147/196)
Git#2>Receiving objects:  76% (149/196)
Git#2>Receiving objects:  77% (151/196)
Git#2>Receiving objects:  78% (153/196)
Git#2>Receiving objects:  79% (155/196)
Git#2>Receiving objects:  80% (157/196)
Git#2>Receiving objects:  81% (159/196)
Git#2>Receiving objects:  82% (161/196)
Git#2>Receiving objects:  83% (163/196)
Git#2>Receiving objects:  84% (165/196)
Git#2>Receiving objects:  85% (167/196)
Git#2>Receiving objects:  86% (169/196)
Git#2>Receiving objects:  87% (171/196)
Git#2>Receiving objects:  88% (173/196)
Git#2>Receiving objects:  89% (175/196)
Git#2>Receiving objects:  90% (177/196)
Git#2>Receiving objects:  91% (179/196)
Git#2>Receiving objects:  92% (181/196)
Git#2>Receiving objects:  93% (183/196)
Git#2>Receiving objects:  94% (185/196)
Git#2>Receiving objects:  95% (187/196)
Git#2>Receiving objects:  96% (189/196)
Git#2>Receiving objects:  97% (191/196)
Git#2>Receiving objects:  98% (193/196)
Git#2>Receiving objects:  99% (195/196)
Git#2>Receiving objects: 100% (196/196)
Git#2>Receiving objects: 100% (196/196), 39.68 KiB | 2.33 MiB/s, done.
Git#2>Resolving deltas:   0% (0/48)
Git#2>Resolving deltas:   2% (1/48)
Git#2>Resolving deltas:   4% (2/48)
Git#2>Resolving deltas:   8% (4/48)
Git#2>Resolving deltas:  10% (5/48)
Git#2>Resolving deltas:  12% (6/48)
Git#2>Resolving deltas:  14% (7/48)
Git#2>Resolving deltas:  16% (8/48)
Git#2>Resolving deltas:  20% (10/48)
Git#2>Resolving deltas:  22% (11/48)
Git#2>Resolving deltas:  25% (12/48)
Git#2>Resolving deltas:  31% (15/48)
Git#2>Resolving deltas:  37% (18/48)
Git#2>Resolving deltas:  43% (21/48)
Git#2>Resolving deltas:  45% (22/48)
Git#2>Resolving deltas:  47% (23/48)
Git#2>Resolving deltas:  50% (24/48)
Git#2>Resolving deltas:  52% (25/48)
Git#2>Resolving deltas:  54% (26/48)
Git#2>Resolving deltas:  58% (28/48)
Git#2>Resolving deltas:  64% (31/48)
Git#2>Resolving deltas:  66% (32/48)
Git#2>Resolving deltas:  68% (33/48)
Git#2>Resolving deltas:  70% (34/48)
Git#2>Resolving deltas:  72% (35/48)
Git#2>Resolving deltas:  75% (36/48)
Git#2>Resolving deltas:  81% (39/48)
Git#2>Resolving deltas:  83% (40/48)
Git#2>Resolving deltas:  85% (41/48)
Git#2>Resolving deltas:  87% (42/48)
Git#2>Resolving deltas:  89% (43/48)
Git#2>Resolving deltas:  91% (44/48)
Git#2>Resolving deltas:  95% (46/48)
Git#2>Resolving deltas:  97% (47/48)
Git#2>Resolving deltas: 100% (48/48)
Git#2>Resolving deltas: 100% (48/48), done.
Git#2>Success: git -C C:/Users/jikim/mtw/HAL_SPI_Slave/libs clone --progress --origin cypress --no-checkout --filter=blob:none https://github.com/cypresssemiconductorco/TARGET_CY8CKIT-062S2-43012 TARGET_CY8CKIT-062S2-43012
Git#13>Starting: git -C C:/Users/jikim/mtw/HAL_SPI_Slave/libs/TARGET_CY8CKIT-062S2-43012 -c advice.detachedHead=false checkout --progress release-v5.0.1
Git#12>HEAD is now at e3762d56 Upload device-db 4.23.0.8202 [3542]
Git#12>Success: git -C C:/Users/jikim/.modustoolbox/global/device-db/release-v4.23.0 -c advice.detachedHead=false checkout --progress release-v4.23.0
Git#13>Updating files:   1% (2/153)
Git#13>Updating files:   2% (4/153)
Git#13>Updating files:   3% (5/153)
Git#13>Updating files:   4% (7/153)
Git#13>Updating files:   5% (8/153)
Git#13>Updating files:   6% (10/153)
Git#13>Updating files:   7% (11/153)
Git#13>Updating files:   8% (13/153)
Git#13>Updating files:   9% (14/153)
Git#13>Updating files:  10% (16/153)
Git#13>Updating files:  11% (17/153)
Git#13>Updating files:  12% (19/153)
Git#13>Updating files:  13% (20/153)
Git#13>Updating files:  14% (22/153)
Git#13>Updating files:  15% (23/153)
Git#13>Updating files:  16% (25/153)
Git#13>Updating files:  17% (27/153)
Git#13>Updating files:  18% (28/153)
Git#13>Updating files:  19% (30/153)
Git#13>Updating files:  20% (31/153)
Git#13>Updating files:  21% (33/153)
Updating files: 
Git#13> 22% (34/153)
Git#13>Updating files:  23% (36/153)
Git#13>Updating files:  24% (37/153)
Git#13>Updating files:  25% (39/153)
Git#13>Updating files:  26% (40/153)
Git#13>Updating files:  27% (42/153)
Git#13>Updating files:  28% (43/153)
Git#13>Updating files:  29% (45/153)
Git#13>Updating files:  30% (46/153)
Git#13>Updating files:  31% (48/153)
Git#13>Updating files:  32% (49/153)
Git#13>Updating files:  33% (51/153)
Git#13>Updating files:  34% (53/153)
Git#13>Updating files:  35% (54/153)
Git#13>Updating files:  36% (56/153)
Git#13>Updating files:  37% (57/153)
Git#13>Updating files:  38% (59/153)
Git#13>Updating files:  39% (60/153)
Git#13>Updating files:  40% (62/153)
Git#13>Updating files:  41% (63/153)
Git#13>Updating files:  42% (65/153)
Git#13>Updating files:  43% (66/153)
Git#13>Updating files:  44% (68/153)
Git#13>Updating files:  45% (69/153)
Git#13>Updating files:  46% (71/153)
Git#13>Updating files:  47% (72/153)
Git#13>Updating files:  48% (74/153)
Git#13>Updating files:  49% (75/153)
Git#13>Updating files:  50% (77/153)
Git#13>Updating files:  51% (79/153)
Git#13>Updating files:  52% (80/153)
Git#13>Updating files:  53% (82/153)
Git#13>Updating files:  54% (83/153)
Git#13>Updating files:  55% (85/153)
Git#13>Updating files:  56% (86/153)
Git#13>Updating files:  57% (88/153)
Git#13>Updating files:  58% (89/153)
Git#13>Updating files:  59% (91/153)
Git#13>Updating files:  60% (92/153)
Git#13>Updating files:  61% (94/153)
Git#13>Updating files:  62% (95/153)
Git#13>Updating files:  63% (97/153)
Git#13>Updating files:  64% (98/153)
Git#13>Updating files:  65% (100/153)
Git#13>Updating files:  66% (101/153)
Git#13>Updating files:  67% (103/153)
Git#13>Updating files:  68% (105/153)
Git#13>Updating files:  69% (106/153)
Git#13>Updating files:  70% (108/153)
Git#13>Updating files:  71% (109/153)
Git#13>Updating files:  72% (111/153)
Git#13>Updating files:  73% (112/153)
Git#13>Updating files:  74% (114/153)
Git#13>Updating files:  75% (115/153)
Git#13>Updating files:  76% (117/153)
Git#13>Updating files:  77% (118/153)
Git#13>Updating files:  78% (120/153)
Git#13>Updating files:  79% (121/153)
Git#13>Updating files:  80% (123/153)
Git#13>Updating files:  81% (124/153)
Git#13>Updating files:  82% (126/153)
Git#13>Updating files:  83% (127/153)
Git#13>Updating files:  84% (129/153)
Git#13>Updating files:  85% (131/153)
Git#13>Updating files:  86% (132/153)
Git#13>Updating files:  87% (134/153)
Git#13>Updating files:  88% (135/153)
Git#13>Updating files:  89% (137/153)
Git#13>Updating files:  90% (138/153)
Git#13>Updating files:  91% (140/153)
Git#13>Updating files:  92% (141/153)
Git#13>Updating files:  93% (143/153)
Git#13>Updating files:  94% (144/153)
Git#13>Updating files:  95% (146/153)
Git#13>Updating files:  96% (147/153)
Git#13>Updating files:  97% (149/153)
Git#13>Updating files:  98% (150/153)
Git#13>Updating files:  99% (152/153)
Git#13>Updating files: 100% (153/153)
Git#13>Updating files: 100% (153/153), done.
Git#13>HEAD is now at 35f2331 Upload TARGET_CY8CKIT-062S2-43012 [3403]
Git#13>Success: git -C C:/Users/jikim/mtw/HAL_SPI_Slave/libs/TARGET_CY8CKIT-062S2-43012 -c advice.detachedHead=false checkout --progress release-v5.0.1
Requested to change the active target to 'APP_CY8CKIT-062S2-43012'.
Removed the file 'C:/Users/jikim/mtw/HAL_SPI_Slave/deps/TARGET_CY8CKIT-062S2-43012.mtb'.
Writing the file 'C:/Users/jikim/mtw/HAL_SPI_Slave/libs/app.mk'.
Successfully committed changes to the project 'mtb-example-hal-spi-slave'.
Project "HAL_SPI_Slave" created successfully.
Successfully created "HAL_SPI_Slave" application.
WARNING:'C:/Users/jikim/mtw/HAL_SPI_Slave' contains template configuration files for some BSPs but not for 'TARGET_CY8CKIT-062S2-43012'. Therefore, manual configuration of the chosen BSP is likely required for the application to function as intended.

==============================================================================
= Export "HAL_SPI_Slave" application to Microsoft Visual Studio Code =
==============================================================================
make vscode CY_IDE_PRJNAME=HAL_SPI_Slave CY_TOOLS_PATHS=C:/Users/jikim/ModusToolbox/tools_3.5
Tools Directory: C:/Users/jikim/ModusToolbox/tools_3.5
Searching installed tools in progress...
Searching installed tools complete
NOTE: Using 'C:/Users/jikim/ModusToolbox/tools_3.5/ninja/ninja.exe' from PATH.
Generating mtbninja data files...
Generating mtbninja data complete...
Prebuild operations complete
Toolchain validation: PASS
Initializing build: mtb-example-hal-spi-slave Debug APP_CY8CKIT-062S2-43012 GCC_ARM
# 0: Loading the application in directory 'C:/Users/jikim/mtw/HAL_SPI_Slave'
# 0: Loading the ModusToolbox Technology Packs and Early Access Packs
# 0: Loading the tools information
# 0: Starting code generator 'capsense-configurator-cli '
# 0: Starting code generator 'device-configurator-cli '
Tools Directory: C:/Users/jikim/ModusToolbox/tools_3.5
NOTE: Using 'C:/Users/jikim/ModusToolbox/tools_3.5/ninja/ninja.exe' from PATH.
Generating mtbninja data files...
Generating mtbninja data complete...
Toolchain validation: PASS
Initializing build: mtb-example-hal-spi-slave Debug APP_CY8CKIT-062S2-43012 GCC_ARM
Prebuild operations complete
# 0: Loading the application in directory 'C:/Users/jikim/mtw/HAL_SPI_Slave'
# 0: Loading the ModusToolbox Technology Packs and Early Access Packs
# 0: Loading the tools information
Generated C:/Users/jikim/mtw/HAL_SPI_Slave/.vscode/c_cpp_properties.json
Generated C:/Users/jikim/mtw/HAL_SPI_Slave/.vscode/extensions.json
Generated C:/Users/jikim/mtw/HAL_SPI_Slave/.vscode/settings.json
Generated .vscode/tasks.json
Generated mtb-example-hal-spi-slave.code-workspace
Generated .vscode/launch.json
Generated openocd.tcl
Required Settings, Tasks and Debug-configurations have been created and are ready to use.

Instructions:
  1. In VS Code, File->Open Workspace From File (Welcome page->Start->Open File)
  2. Select the .code-workspace file from app root directory and open
  3. Builds: Terminal->Run Task
  4. Debugging: "Bug icon" on the left-hand pane:

For more information, refer to the Visual Studio Code for ModusToolbox user guide.

The application "HAL_SPI_Slave" was successfully exported to Microsoft Visual Studio Code.
0 error(s), 1 warning(s)

Summary:

Successfully created and exported "HAL_SPI_Slave" application.
